This is pdfTeX, Version 3.141592653-2.6-1.40.26 (MiKTeX 24.4) (preloaded format=pdflatex 2024.10.2)  13 OCT 2024 23:42
entering extended mode
 restricted \write18 enabled.
 file:line:error style messages enabled.
 %&-line parsing enabled.
**b:/code/Kryptografie/Solution/Solution.tex
(b:/code/Kryptografie/Solution/Solution.tex
LaTeX2e <2024-06-01> patch level 2
L3 programming layer <2024-08-30>
(C:\Users\Martin\AppData\Local\Programs\MiKTeX\tex/latex/base\article.cls
Document Class: article 2024/02/08 v1.4n Standard LaTeX document class
(C:\Users\Martin\AppData\Local\Programs\MiKTeX\tex/latex/base\size10.clo
File: size10.clo 2024/02/08 v1.4n Standard LaTeX file (size option)
)
\c@part=\count194
\c@section=\count195
\c@subsection=\count196
\c@subsubsection=\count197
\c@paragraph=\count198
\c@subparagraph=\count199
\c@figure=\count266
\c@table=\count267
\abovecaptionskip=\skip49
\belowcaptionskip=\skip50
\bibindent=\dimen141
) (C:\Users\Martin\AppData\Local\Programs\MiKTeX\tex/latex/graphics\graphicx.sty
Package: graphicx 2021/09/16 v1.2d Enhanced LaTeX Graphics (DPC,SPQR)
 (C:\Users\Martin\AppData\Local\Programs\MiKTeX\tex/latex/graphics\keyval.sty
Package: keyval 2022/05/29 v1.15 key=value parser (DPC)
\KV@toks@=\toks17
) (C:\Users\Martin\AppData\Local\Programs\MiKTeX\tex/latex/graphics\graphics.sty
Package: graphics 2024/05/23 v1.4g Standard LaTeX Graphics (DPC,SPQR)
 (C:\Users\Martin\AppData\Local\Programs\MiKTeX\tex/latex/graphics\trig.sty
Package: trig 2023/12/02 v1.11 sin cos tan (DPC)
) (C:\Users\Martin\AppData\Local\Programs\MiKTeX\tex/latex/graphics-cfg\graphics.cfg
File: graphics.cfg 2016/06/04 v1.11 sample graphics configuration
)
Package graphics Info: Driver file: pdftex.def on input line 106.
 (C:\Users\Martin\AppData\Local\Programs\MiKTeX\tex/latex/graphics-def\pdftex.def
File: pdftex.def 2024/04/13 v1.2c Graphics/color driver for pdftex
))
\Gin@req@height=\dimen142
\Gin@req@width=\dimen143
) (C:\Users\Martin\AppData\Local\Programs\MiKTeX\tex/latex/tools\longtable.sty
Package: longtable 2024-04-26 v4.20 Multi-page Table package (DPC)
\LTleft=\skip51
\LTright=\skip52
\LTpre=\skip53
\LTpost=\skip54
\LTchunksize=\count268
\LTcapwidth=\dimen144
\LT@head=\box52
\LT@firsthead=\box53
\LT@foot=\box54
\LT@lastfoot=\box55
\LT@gbox=\box56
\LT@cols=\count269
\LT@rows=\count270
\c@LT@tables=\count271
\c@LT@chunks=\count272
\LT@p@ftn=\toks18
) (C:\Users\Martin\AppData\Local\Programs\MiKTeX\tex/latex/hyperref\hyperref.sty
Package: hyperref 2024-07-10 v7.01j Hypertext links for LaTeX
 (C:\Users\Martin\AppData\Local\Programs\MiKTeX\tex/generic/iftex\iftex.sty
Package: iftex 2022/02/03 v1.0f TeX engine tests
) (C:\Users\Martin\AppData\Local\Programs\MiKTeX\tex/latex/kvsetkeys\kvsetkeys.sty
Package: kvsetkeys 2022-10-05 v1.19 Key value parser (HO)
) (C:\Users\Martin\AppData\Local\Programs\MiKTeX\tex/generic/kvdefinekeys\kvdefinekeys.sty
Package: kvdefinekeys 2019-12-19 v1.6 Define keys (HO)
) (C:\Users\Martin\AppData\Local\Programs\MiKTeX\tex/generic/pdfescape\pdfescape.sty
Package: pdfescape 2019/12/09 v1.15 Implements pdfTeX's escape features (HO)
 (C:\Users\Martin\AppData\Local\Programs\MiKTeX\tex/generic/ltxcmds\ltxcmds.sty
Package: ltxcmds 2023-12-04 v1.26 LaTeX kernel commands for general use (HO)
) (C:\Users\Martin\AppData\Local\Programs\MiKTeX\tex/generic/pdftexcmds\pdftexcmds.sty
Package: pdftexcmds 2020-06-27 v0.33 Utility functions of pdfTeX for LuaTeX (HO)
 (C:\Users\Martin\AppData\Local\Programs\MiKTeX\tex/generic/infwarerr\infwarerr.sty
Package: infwarerr 2019/12/03 v1.5 Providing info/warning/error messages (HO)
)
Package pdftexcmds Info: \pdf@primitive is available.
Package pdftexcmds Info: \pdf@ifprimitive is available.
Package pdftexcmds Info: \pdfdraftmode found.
)) (C:\Users\Martin\AppData\Local\Programs\MiKTeX\tex/latex/hycolor\hycolor.sty
Package: hycolor 2020-01-27 v1.10 Color options for hyperref/bookmark (HO)
) (C:\Users\Martin\AppData\Local\Programs\MiKTeX\tex/latex/hyperref\nameref.sty
Package: nameref 2023-11-26 v2.56 Cross-referencing by name of section
 (C:\Users\Martin\AppData\Local\Programs\MiKTeX\tex/latex/refcount\refcount.sty
Package: refcount 2019/12/15 v3.6 Data extraction from label references (HO)
) (C:\Users\Martin\AppData\Local\Programs\MiKTeX\tex/generic/gettitlestring\gettitlestring.sty
Package: gettitlestring 2019/12/15 v1.6 Cleanup title references (HO)
 (C:\Users\Martin\AppData\Local\Programs\MiKTeX\tex/latex/kvoptions\kvoptions.sty
Package: kvoptions 2022-06-15 v3.15 Key value format for package options (HO)
))
\c@section@level=\count273
) (C:\Users\Martin\AppData\Local\Programs\MiKTeX\tex/latex/etoolbox\etoolbox.sty
Package: etoolbox 2020/10/05 v2.5k e-TeX tools for LaTeX (JAW)
\etb@tempcnta=\count274
) (C:\Users\Martin\AppData\Local\Programs\MiKTeX\tex/generic/stringenc\stringenc.sty
Package: stringenc 2019/11/29 v1.12 Convert strings between diff. encodings (HO)
)
\@linkdim=\dimen145
\Hy@linkcounter=\count275
\Hy@pagecounter=\count276
 (C:\Users\Martin\AppData\Local\Programs\MiKTeX\tex/latex/hyperref\pd1enc.def
File: pd1enc.def 2024-07-10 v7.01j Hyperref: PDFDocEncoding definition (HO)
Now handling font encoding PD1 ...
... no UTF-8 mapping file for font encoding PD1
) (C:\Users\Martin\AppData\Local\Programs\MiKTeX\tex/generic/intcalc\intcalc.sty
Package: intcalc 2019/12/15 v1.3 Expandable calculations with integers (HO)
)
\Hy@SavedSpaceFactor=\count277
 (C:\Users\Martin\AppData\Local\Programs\MiKTeX\tex/latex/hyperref\puenc.def
File: puenc.def 2024-07-10 v7.01j Hyperref: PDF Unicode definition (HO)
Now handling font encoding PU ...
... no UTF-8 mapping file for font encoding PU
)
Package hyperref Info: Hyper figures OFF on input line 4157.
Package hyperref Info: Link nesting OFF on input line 4162.
Package hyperref Info: Hyper index ON on input line 4165.
Package hyperref Info: Plain pages OFF on input line 4172.
Package hyperref Info: Backreferencing OFF on input line 4177.
Package hyperref Info: Implicit mode ON; LaTeX internals redefined.
Package hyperref Info: Bookmarks ON on input line 4424.
\c@Hy@tempcnt=\count278
 (C:\Users\Martin\AppData\Local\Programs\MiKTeX\tex/latex/url\url.sty
\Urlmuskip=\muskip17
Package: url 2013/09/16  ver 3.4  Verb mode for urls, etc.
)
LaTeX Info: Redefining \url on input line 4763.
\XeTeXLinkMargin=\dimen146
 (C:\Users\Martin\AppData\Local\Programs\MiKTeX\tex/generic/bitset\bitset.sty
Package: bitset 2019/12/09 v1.3 Handle bit-vector datatype (HO)
 (C:\Users\Martin\AppData\Local\Programs\MiKTeX\tex/generic/bigintcalc\bigintcalc.sty
Package: bigintcalc 2019/12/15 v1.5 Expandable calculations on big integers (HO)
))
\Fld@menulength=\count279
\Field@Width=\dimen147
\Fld@charsize=\dimen148
Package hyperref Info: Hyper figures OFF on input line 6042.
Package hyperref Info: Link nesting OFF on input line 6047.
Package hyperref Info: Hyper index ON on input line 6050.
Package hyperref Info: backreferencing OFF on input line 6057.
Package hyperref Info: Link coloring OFF on input line 6062.
Package hyperref Info: Link coloring with OCG OFF on input line 6067.
Package hyperref Info: PDF/A mode OFF on input line 6072.
 (C:\Users\Martin\AppData\Local\Programs\MiKTeX\tex/latex/base\atbegshi-ltx.sty
Package: atbegshi-ltx 2021/01/10 v1.0c Emulation of the original atbegshi
package with kernel methods
)
\Hy@abspage=\count280
\c@Item=\count281
\c@Hfootnote=\count282
)
Package hyperref Info: Driver (autodetected): hpdftex.
 (C:\Users\Martin\AppData\Local\Programs\MiKTeX\tex/latex/hyperref\hpdftex.def
File: hpdftex.def 2024-07-10 v7.01j Hyperref driver for pdfTeX
 (C:\Users\Martin\AppData\Local\Programs\MiKTeX\tex/latex/base\atveryend-ltx.sty
Package: atveryend-ltx 2020/08/19 v1.0a Emulation of the original atveryend package
with kernel methods
)
\Fld@listcount=\count283
\c@bookmark@seq@number=\count284
 (C:\Users\Martin\AppData\Local\Programs\MiKTeX\tex/latex/rerunfilecheck\rerunfilecheck.sty
Package: rerunfilecheck 2022-07-10 v1.10 Rerun checks for auxiliary files (HO)
 (C:\Users\Martin\AppData\Local\Programs\MiKTeX\tex/generic/uniquecounter\uniquecounter.sty
Package: uniquecounter 2019/12/15 v1.4 Provide unlimited unique counter (HO)
)
Package uniquecounter Info: New unique counter `rerunfilecheck' on input line 285.
)
\Hy@SectionHShift=\skip55
) (C:\Users\Martin\AppData\Local\Programs\MiKTeX\tex/latex/l3backend\l3backend-pdftex.def
File: l3backend-pdftex.def 2024-05-08 L3 backend support: PDF output (pdfTeX)
\l__color_backend_stack_int=\count285
\l__pdf_internal_box=\box57
) (Solution.aux)
\openout1 = `Solution.aux'.

LaTeX Font Info:    Checking defaults for OML/cmm/m/it on input line 6.
LaTeX Font Info:    ... okay on input line 6.
LaTeX Font Info:    Checking defaults for OMS/cmsy/m/n on input line 6.
LaTeX Font Info:    ... okay on input line 6.
LaTeX Font Info:    Checking defaults for OT1/cmr/m/n on input line 6.
LaTeX Font Info:    ... okay on input line 6.
LaTeX Font Info:    Checking defaults for T1/cmr/m/n on input line 6.
LaTeX Font Info:    ... okay on input line 6.
LaTeX Font Info:    Checking defaults for TS1/cmr/m/n on input line 6.
LaTeX Font Info:    ... okay on input line 6.
LaTeX Font Info:    Checking defaults for OMX/cmex/m/n on input line 6.
LaTeX Font Info:    ... okay on input line 6.
LaTeX Font Info:    Checking defaults for U/cmr/m/n on input line 6.
LaTeX Font Info:    ... okay on input line 6.
LaTeX Font Info:    Checking defaults for PD1/pdf/m/n on input line 6.
LaTeX Font Info:    ... okay on input line 6.
LaTeX Font Info:    Checking defaults for PU/pdf/m/n on input line 6.
LaTeX Font Info:    ... okay on input line 6.
 (C:\Users\Martin\AppData\Local\Programs\MiKTeX\tex/context/base/mkii\supp-pdf.mkii
[Loading MPS to PDF converter (version 2006.09.02).]
\scratchcounter=\count286
\scratchdimen=\dimen149
\scratchbox=\box58
\nofMPsegments=\count287
\nofMParguments=\count288
\everyMPshowfont=\toks19
\MPscratchCnt=\count289
\MPscratchDim=\dimen150
\MPnumerator=\count290
\makeMPintoPDFobject=\count291
\everyMPtoPDFconversion=\toks20
) (C:\Users\Martin\AppData\Local\Programs\MiKTeX\tex/latex/epstopdf-pkg\epstopdf-base.sty
Package: epstopdf-base 2020-01-24 v2.11 Base part for package epstopdf
Package epstopdf-base Info: Redefining graphics rule for `.eps' on input line 485.
 (C:\Users\Martin\AppData\Local\Programs\MiKTeX\tex/latex/00miktex\epstopdf-sys.cfg
File: epstopdf-sys.cfg 2021/03/18 v2.0 Configuration of epstopdf for MiKTeX
))
Package hyperref Info: Link coloring OFF on input line 6.
 (Solution.out) (Solution.out)
\@outlinefile=\write3
\openout3 = `Solution.out'.

LaTeX Font Info:    External font `cmex10' loaded for size
(Font)              <12> on input line 12.
LaTeX Font Info:    External font `cmex10' loaded for size
(Font)              <8> on input line 12.
LaTeX Font Info:    External font `cmex10' loaded for size
(Font)              <6> on input line 12.
LaTeX Font Info:    External font `cmex10' loaded for size
(Font)              <7> on input line 16.
LaTeX Font Info:    External font `cmex10' loaded for size
(Font)              <5> on input line 16.

Overfull \hbox (24.0pt too wide) in alignment at lines 14--18
 [] [] 
 []


Underfull \hbox (badness 10000) in paragraph at lines 23--23
[]|\OT1/cmr/m/n/10 D^^Selka
 []


Underfull \hbox (badness 10000) in paragraph at lines 25--25
[]|[]\OT1/cmtt/m/n/10 Cesko pln^^Sym n^^Sazvem []Cesk^^Sa republika je st^^Sat ve st^^Tredn^^S^^P
 []


Underfull \hbox (badness 10000) in paragraph at lines 25--25
\OT1/cmtt/m/n/10 Evrop^^Te. Samostatnost nabylo jako n^^Sastupnick^^Sy st^^Sat
 []


Underfull \hbox (badness 10000) in paragraph at lines 25--25
[]\OT1/cmtt/m/n/10 Ceskoslovenska, p^^Tredt^^S^^Pm existovalo jako jedna ze dvou
 []


Underfull \hbox (badness 10000) in paragraph at lines 25--25
\OT1/cmtt/m/n/10 republik ^^Tceskoslovensk^^Se federace. Navazuje tak^^Se na v^^S^^Pce
 []


Underfull \hbox (badness 10000) in paragraph at lines 25--25
\OT1/cmtt/m/n/10 ne^^Tz tis^^S^^Pcilet^^Se d^^Tejiny ^^Tcesk^^Se st^^Satnosti a kultury. Podle
 []


Underfull \hbox (badness 10000) in paragraph at lines 25--25
\OT1/cmtt/m/n/10 sv^^Se ^^Sustavy je []Cesk^^Sa republika parlamentn^^S^^P demokratick^^Sy
 []


Underfull \hbox (badness 10000) in paragraph at lines 25--25
\OT1/cmtt/m/n/10 pr^^Savn^^S^^P st^^Sat s liber^^Saln^^S^^Pm st^^Satn^^S^^Pm re^^Tzimem a politick^^Sym
 []


Underfull \hbox (badness 10000) in paragraph at lines 25--25
\OT1/cmtt/m/n/10 syst^^Semem zalo^^Tzen^^Sym na svobodn^^Se sout^^Te^^Tzi politick^^Sych stran
 []


Underfull \hbox (badness 10000) in paragraph at lines 25--25
\OT1/cmtt/m/n/10 a hnut^^S^^P. Hlavou st^^Satu je prezident republiky, vrcholn^^Sym
 []


Underfull \hbox (badness 10000) in paragraph at lines 25--25
\OT1/cmtt/m/n/10 a jedin^^Sym z^^Sakonod^^Sarn^^Sym org^^Sanem je dvoukomorov^^Sy parlament
 []


Underfull \hbox (badness 10000) in paragraph at lines 25--25
[]\OT1/cmtt/m/n/10 Cesk^^Se republiky. Na vrcholu moci v^^Sykonn^^Se stoj^^S^^P vl^^Sada []Cesk^^Se
 []


Underfull \hbox (badness 10000) in paragraph at lines 25--25
\OT1/cmtt/m/n/10 republiky. []Cesko je zem^^Te s tr^^Tzn^^S^^Pm hospod^^Sa^^Trstv^^S^^Pm, kter^^Sa
 []


Underfull \hbox (badness 10000) in paragraph at lines 25--25
\OT1/cmtt/m/n/10 podle ekonomick^^Sych, soci^^Saln^^S^^Pch a politick^^Sych indik^^Sator^^Wu,
 []


Underfull \hbox (badness 10000) in paragraph at lines 25--25
\OT1/cmtt/m/n/10 jako je HDP na obyvatele, index lidsk^^Seho rozvoje, index
 []


Underfull \hbox (badness 10000) in paragraph at lines 25--25
\OT1/cmtt/m/n/10 svobody tisku ^^Tci index svobody internetu od cenzury,
 []


Underfull \hbox (badness 10000) in paragraph at lines 25--25
\OT1/cmtt/m/n/10 pat^^Tr^^S^^P k vysoce rozvinut^^Sym st^^Sat^^Wum sv^^Teta. Ekonomicky pat^^Tr^^S^^P
 []


Underfull \hbox (badness 10000) in paragraph at lines 25--25
\OT1/cmtt/m/n/10 dle Sv^^Tetov^^Se banky do skupiny t^^Triceti jedna nejbohat^^Ts^^S^^Pch
 []


Underfull \hbox (badness 10000) in paragraph at lines 25--25
\OT1/cmtt/m/n/10 st^^Sat^^Wu sv^^Teta s nejvy^^Ts^^Ts^^S^^Pmi finan^^Tcn^^S^^Pmi p^^Tr^^S^^Pjmy v porovn^^San^^S^^P s
 []


Underfull \hbox (badness 10000) in paragraph at lines 25--25
\OT1/cmtt/m/n/10 jin^^Symi st^^Saty. M^^Sa velmi mal^^Sy pod^^S^^Pl obyvatel ^^Tzij^^S^^Pc^^S^^Pch pod
 []


Underfull \hbox (badness 10000) in paragraph at lines 25--25
\OT1/cmtt/m/n/10 prahem chudoby, vykazuje t^^Se^^Tz pom^^Tern^^Te n^^S^^Pzkou nerovnost
 []


Underfull \hbox (badness 10000) in paragraph at lines 25--25
\OT1/cmtt/m/n/10 mezi nejbohat^^Ts^^S^^Pmi a nejchud^^Ts^^S^^Pmi obyvateli a relativn^^Te
 []


Underfull \hbox (badness 10000) in paragraph at lines 25--25
\OT1/cmtt/m/n/10 vyv^^Sa^^Tzen^^Se p^^Trerozd^^Telov^^San^^S^^P bohatstv^^S^^P nap^^Tr^^S^^P^^Tc populac^^S^^P.
 []


Underfull \hbox (badness 10000) in paragraph at lines 25--25
\OT1/cmtt/m/n/10 M^^S^^Pra nezam^^Testnanosti je dlouhodob^^Te n^^S^^Pzk^^Sa a pod pr^^Wum^^Terem
 []


Underfull \hbox (badness 10000) in paragraph at lines 25--25
\OT1/cmtt/m/n/10 vysp^^Tel^^Sych zem^^S^^P. V indexu ekologick^^Se stopy je []Cesko oproti
 []


Underfull \hbox (badness 10000) in paragraph at lines 25--25
\OT1/cmtt/m/n/10 n^^Tekter^^Sym jin^^Sym vysp^^Tel^^Sym zem^^S^^Pm men^^Ts^^S^^Pm ekologick^^Sym dlu^^Tzn^^S^^Pkem.
 []


Underfull \hbox (badness 10000) in paragraph at lines 25--25
[]\OT1/cmtt/m/n/10 Cesko se dlouhodob^^Te ^^Trad^^S^^P mezi patn^^Sact nejbezpe^^Tcn^^Tej^^Ts^^S^^Pch zem^^S^^P
 []


Overfull \hbox (24.0pt too wide) in alignment at lines 20--26
 [] [] 
 []

[1

{C:/Users/Martin/AppData/Local/MiKTeX/fonts/map/pdftex/pdftex.map}]

[2]

[3]
<FrekvenceGraf.png, id=44, 1084.05pt x 433.62pt>
File: FrekvenceGraf.png Graphic file (type png)
<use FrekvenceGraf.png>
Package pdftex.def Info: FrekvenceGraf.png  used on input line 73.
(pdftex.def)             Requested size: 448.50105pt x 179.39978pt.

Overfull \hbox (103.50105pt too wide) in paragraph at lines 72--73
[] 
 []



[4 <./FrekvenceGraf.png>] (Solution.aux)
 ***********
LaTeX2e <2024-06-01> patch level 2
L3 programming layer <2024-08-30>
 ***********
Package rerunfilecheck Info: File `Solution.out' has not changed.
(rerunfilecheck)             Checksum: 549878B2DF83009E4E5524A983539DDE;552.
 ) 
Here is how much of TeX's memory you used:
 8579 strings out of 473898
 134761 string characters out of 5726007
 539146 words of memory out of 5000000
 31369 multiletter control sequences out of 15000+600000
 562184 words of font info for 50 fonts, out of 8000000 for 9000
 1141 hyphenation exceptions out of 8191
 75i,8n,79p,1744b,567s stack positions out of 10000i,1000n,20000p,200000b,200000s
<C:/Users/Martin/AppData/Local/Programs/MiKTeX/fonts/type1/public/amsfonts/cm/cmbx12.pfb><C:/Users/Martin/AppData/Local/Programs/MiKTeX/fonts/type1/public/amsfonts/cm/cmr10.pfb><C:/Users/Martin/AppData/Local/Programs/MiKTeX/fonts/type1/public/amsfonts/cm/cmr12.pfb><C:/Users/Martin/AppData/Local/Programs/MiKTeX/fonts/type1/public/amsfonts/cm/cmr17.pfb><C:/Users/Martin/AppData/Local/Programs/MiKTeX/fonts/type1/public/amsfonts/cm/cmtt10.pfb>
Output written on Solution.pdf (4 pages, 124645 bytes).
PDF statistics:
 77 PDF objects out of 1000 (max. 8388607)
 12 named destinations out of 1000 (max. 500000)
 46 words of extra memory for PDF output out of 10000 (max. 10000000)

